<?xml version="1.0" encoding="UTF-8" standalone="no"?>
<!DOCTYPE log SYSTEM "logger.dtd">
<head/><log>
<record>
  <date>2016-11-28T14:10:31.633-0300</date>
  <logger>THALYTA FABRINE DA TRINDADE</logger>
  <level>FINE</level>
  <message>File 115210685-THALYTA FABRINE DA TRINDADE.zip was received. It was sent by THALYTA FABRINE DA TRINDADE from IP 150.165.74.139</message>
</record>
</log>
<?xml version="1.0" encoding="UTF-8" standalone="no"?>
<!DOCTYPE log SYSTEM "logger.dtd">
<log>
<record>
  <date>2016-11-28T14:19:55.174-0300</date>
  <logger>THALYTA FABRINE DA TRINDADE</logger>
  <level>FINE</level>
  <message>File 115210685-THALYTA FABRINE DA TRINDADE.zip was received. It was sent by THALYTA FABRINE DA TRINDADE from IP 150.165.74.139</message>
</record>
</log>
<?xml version="1.0" encoding="UTF-8" standalone="no"?>
<!DOCTYPE log SYSTEM "logger.dtd">
<log>
<record>
  <date>2016-11-28T15:53:22.434-0300</date>
  <logger>THALYTA FABRINE DA TRINDADE</logger>
  <level>FINE</level>
  <message>File 115210685-THALYTA FABRINE DA TRINDADE.zip was received. It was sent by THALYTA FABRINE DA TRINDADE from IP 150.165.74.139</message>
</record>
</log>
<?xml version="1.0" encoding="UTF-8" standalone="no"?>
<!DOCTYPE log SYSTEM "logger.dtd">
<log>
<record>
  <date>2016-11-28T15:54:31.235-0300</date>
  <logger>THALYTA FABRINE DA TRINDADE</logger>
  <level>FINE</level>
  <message>File 115210685-THALYTA FABRINE DA TRINDADE.zip was received. It was sent by THALYTA FABRINE DA TRINDADE from IP 150.165.74.139</message>
</record>
</log>
<?xml version="1.0" encoding="UTF-8" standalone="no"?>
<!DOCTYPE log SYSTEM "logger.dtd">
<log>
<record>
  <date>2016-11-28T15:56:19.400-0300</date>
  <logger>THALYTA FABRINE DA TRINDADE</logger>
  <level>FINE</level>
  <message>File 115210685-THALYTA FABRINE DA TRINDADE.zip was received. It was sent by THALYTA FABRINE DA TRINDADE from IP 150.165.74.139</message>
</record>
</log>
<?xml version="1.0" encoding="UTF-8" standalone="no"?>
<!DOCTYPE log SYSTEM "logger.dtd">
<log>
<record>
  <date>2016-11-28T15:57:03.267-0300</date>
  <logger>THALYTA FABRINE DA TRINDADE</logger>
  <level>FINE</level>
  <message>File 115210685-THALYTA FABRINE DA TRINDADE.zip was received. It was sent by THALYTA FABRINE DA TRINDADE from IP 150.165.74.139</message>
</record>
</log>
<?xml version="1.0" encoding="UTF-8" standalone="no"?>
<!DOCTYPE log SYSTEM "logger.dtd">
<log>
<record>
  <date>2016-11-28T15:57:46.327-0300</date>
  <logger>THALYTA FABRINE DA TRINDADE</logger>
  <level>FINE</level>
  <message>File 115210685-THALYTA FABRINE DA TRINDADE.zip was received. It was sent by THALYTA FABRINE DA TRINDADE from IP 150.165.74.139</message>
</record>
</log>
<?xml version="1.0" encoding="UTF-8" standalone="no"?>
<!DOCTYPE log SYSTEM "logger.dtd">
<log>
<record>
  <date>2016-11-29T00:32:42.263-0300</date>
  <logger>THALYTA FABRINE DA TRINDADE</logger>
  <level>FINE</level>
  <message>File 115210685-THALYTA FABRINE DA TRINDADE.zip was received. It was sent by THALYTA FABRINE DA TRINDADE from IP 192.168.1.11</message>
</record>
