<?xml version="1.0" encoding="UTF-8" standalone="no"?>
<!DOCTYPE log SYSTEM "logger.dtd">
<head/><log>
<record>
  <date>2016-11-23T16:13:32.521-0300</date>
  <logger>THALYTA FABRINE DA TRINDADE</logger>
  <level>FINE</level>
  <message>File 115210685-THALYTA FABRINE DA TRINDADE.zip was received. It was sent by THALYTA FABRINE DA TRINDADE from IP 150.165.54.138</message>
</record>
</log>
<?xml version="1.0" encoding="UTF-8" standalone="no"?>
<!DOCTYPE log SYSTEM "logger.dtd">
<log>
<record>
  <date>2016-11-23T16:52:37.542-0300</date>
  <logger>THALYTA FABRINE DA TRINDADE</logger>
  <level>FINE</level>
  <message>File 115210685-THALYTA FABRINE DA TRINDADE.zip was received. It was sent by THALYTA FABRINE DA TRINDADE from IP 150.165.54.138</message>
</record>
</log>
<?xml version="1.0" encoding="UTF-8" standalone="no"?>
<!DOCTYPE log SYSTEM "logger.dtd">
<log>
<record>
  <date>2016-11-23T17:18:35.411-0300</date>
  <logger>THALYTA FABRINE DA TRINDADE</logger>
  <level>FINE</level>
  <message>File 115210685-THALYTA FABRINE DA TRINDADE.zip was received. It was sent by THALYTA FABRINE DA TRINDADE from IP 150.165.54.138</message>
</record>
</log>
<?xml version="1.0" encoding="UTF-8" standalone="no"?>
<!DOCTYPE log SYSTEM "logger.dtd">
<log>
<record>
  <date>2016-11-23T17:30:01.964-0300</date>
  <logger>THALYTA FABRINE DA TRINDADE</logger>
  <level>FINE</level>
  <message>File 115210685-THALYTA FABRINE DA TRINDADE.zip was received. It was sent by THALYTA FABRINE DA TRINDADE from IP 150.165.54.138</message>
</record>
