<?xml version="1.0" encoding="UTF-8" standalone="no"?>
<!DOCTYPE log SYSTEM "logger.dtd">
<head/><log>
<record>
  <date>2016-12-05T14:06:10.778-0300</date>
  <logger>THALYTA FABRINE DA TRINDADE</logger>
  <level>FINE</level>
  <message>File 115210685-THALYTA FABRINE DA TRINDADE.zip was received. It was sent by THALYTA FABRINE DA TRINDADE from IP 150.165.74.103</message>
</record>
</log>
<?xml version="1.0" encoding="UTF-8" standalone="no"?>
<!DOCTYPE log SYSTEM "logger.dtd">
<log>
<record>
  <date>2016-12-05T22:23:40.732-0300</date>
  <logger>THALYTA FABRINE DA TRINDADE</logger>
  <level>FINE</level>
  <message>File 115210685-THALYTA FABRINE DA TRINDADE.zip was received. It was sent by THALYTA FABRINE DA TRINDADE from IP 192.168.1.11</message>
</record>
</log>
<?xml version="1.0" encoding="UTF-8" standalone="no"?>
<!DOCTYPE log SYSTEM "logger.dtd">
<log>
<record>
  <date>2016-12-05T22:27:02.867-0300</date>
  <logger>THALYTA FABRINE DA TRINDADE</logger>
  <level>FINE</level>
  <message>File 115210685-THALYTA FABRINE DA TRINDADE.zip was received. It was sent by THALYTA FABRINE DA TRINDADE from IP 192.168.1.11</message>
</record>
</log>
<?xml version="1.0" encoding="UTF-8" standalone="no"?>
<!DOCTYPE log SYSTEM "logger.dtd">
<log>
<record>
  <date>2016-12-05T22:30:23.641-0300</date>
  <logger>THALYTA FABRINE DA TRINDADE</logger>
  <level>FINE</level>
  <message>File 115210685-THALYTA FABRINE DA TRINDADE.zip was received. It was sent by THALYTA FABRINE DA TRINDADE from IP 192.168.1.11</message>
</record>
