<?xml version="1.0" encoding="UTF-8" standalone="no"?>
<!DOCTYPE log SYSTEM "logger.dtd">
<log>
<record>
  <date>2017-02-13T14:26:38.608-0300</date>
  <logger>THALYTA FABRINE DA TRINDADE</logger>
  <level>FINE</level>
  <message>File 115210685-THALYTA FABRINE DA TRINDADE.zip was received. It was sent by THALYTA FABRINE DA TRINDADE from IP 150.165.74.128</message>
</record>
</log>
<?xml version="1.0" encoding="UTF-8" standalone="no"?>
<!DOCTYPE log SYSTEM "logger.dtd">
<log>
<record>
  <date>2017-02-13T15:29:38.471-0300</date>
  <logger>THALYTA FABRINE DA TRINDADE</logger>
  <level>FINE</level>
  <message>File 115210685-THALYTA FABRINE DA TRINDADE.zip was received. It was sent by THALYTA FABRINE DA TRINDADE from IP 150.165.74.128</message>
</record>
</log>
<?xml version="1.0" encoding="UTF-8" standalone="no"?>
<!DOCTYPE log SYSTEM "logger.dtd">
<log>
<record>
  <date>2017-02-13T21:20:13.857-0300</date>
  <logger>THALYTA FABRINE DA TRINDADE</logger>
  <level>FINE</level>
  <message>File 115210685-THALYTA FABRINE DA TRINDADE.zip was received. It was sent by THALYTA FABRINE DA TRINDADE from IP 192.168.1.11</message>
</record>
</log>
<?xml version="1.0" encoding="UTF-8" standalone="no"?>
<!DOCTYPE log SYSTEM "logger.dtd">
<log>
<record>
  <date>2017-02-13T21:24:22.018-0300</date>
  <logger>THALYTA FABRINE DA TRINDADE</logger>
  <level>FINE</level>
  <message>File 115210685-THALYTA FABRINE DA TRINDADE.zip was received. It was sent by THALYTA FABRINE DA TRINDADE from IP 192.168.1.11</message>
</record>
</log>
<?xml version="1.0" encoding="UTF-8" standalone="no"?>
<!DOCTYPE log SYSTEM "logger.dtd">
<log>
<record>
  <date>2017-02-13T21:37:16.195-0300</date>
  <logger>THALYTA FABRINE DA TRINDADE</logger>
  <level>FINE</level>
  <message>File 115210685-THALYTA FABRINE DA TRINDADE.zip was received. It was sent by THALYTA FABRINE DA TRINDADE from IP 192.168.1.11</message>
</record>
</log>
<?xml version="1.0" encoding="UTF-8" standalone="no"?>
<!DOCTYPE log SYSTEM "logger.dtd">
<log>
<record>
  <date>2017-02-13T21:40:16.815-0300</date>
  <logger>THALYTA FABRINE DA TRINDADE</logger>
  <level>FINE</level>
  <message>File 115210685-THALYTA FABRINE DA TRINDADE.zip was received. It was sent by THALYTA FABRINE DA TRINDADE from IP 192.168.1.11</message>
</record>
