<?xml version="1.0" encoding="UTF-8" standalone="no"?>
<!DOCTYPE log SYSTEM "logger.dtd">
<head/><log>
<record>
  <date>2016-12-12T14:06:42.416-0300</date>
  <logger>THALYTA FABRINE DA TRINDADE</logger>
  <level>FINE</level>
  <message>File 115210685-THALYTA FABRINE DA TRINDADE.zip was received. It was sent by THALYTA FABRINE DA TRINDADE from IP 150.165.74.114</message>
</record>
</log>
<?xml version="1.0" encoding="UTF-8" standalone="no"?>
<!DOCTYPE log SYSTEM "logger.dtd">
<log>
<record>
  <date>2016-12-12T15:23:36.607-0300</date>
  <logger>THALYTA FABRINE DA TRINDADE</logger>
  <level>FINE</level>
  <message>File 115210685-THALYTA FABRINE DA TRINDADE.zip was received. It was sent by THALYTA FABRINE DA TRINDADE from IP 150.165.74.114</message>
</record>
</log>
<?xml version="1.0" encoding="UTF-8" standalone="no"?>
<!DOCTYPE log SYSTEM "logger.dtd">
<log>
<record>
  <date>2016-12-12T15:31:51.411-0300</date>
  <logger>THALYTA FABRINE DA TRINDADE</logger>
  <level>FINE</level>
  <message>File 115210685-THALYTA FABRINE DA TRINDADE.zip was received. It was sent by THALYTA FABRINE DA TRINDADE from IP 150.165.74.114</message>
</record>
